<?xml version="1.0" encoding="UTF-8"?>
<!-- Generated by org.testng.reporters.JUnitReportReporter -->
<testsuite skipped="0" hostname="DESKTOP-8PV5AO7" name="testCasesPOM.TC001_CreateLead" tests="2" failures="0" timestamp="12 Aug 2018 04:46:30 GMT" time="35.723" errors="0">
  <testcase name="createLead" time="18.205" classname="testCasesPOM.TC001_CreateLead"/>
  <testcase name="createLead" time="17.518" classname="testCasesPOM.TC001_CreateLead"/>
</testsuite> <!-- testCasesPOM.TC001_CreateLead -->
